<?xml version="1.0" encoding="UTF-8"?>
<testsuite name="academy.digitallab.store.product.ProductRepositoryMockTest" tests="1" skipped="0" failures="0" errors="0" timestamp="2020-07-27T21:37:24" hostname="ip-192-168-0-16.us-east-2.compute.internal" time="0.278">
  <properties/>
  <testcase name="whenFindByCategory_thenReturnListProduct()" classname="academy.digitallab.store.product.ProductRepositoryMockTest" time="0.278"/>
  <system-out><![CDATA[2020-07-27 16:37:23 - INFO Neither @ContextConfiguration nor @ContextHierarchy found for test class [academy.digitallab.store.product.ProductRepositoryMockTest], using SpringBootContextLoader
2020-07-27 16:37:23 - INFO Could not detect default resource locations for test class [academy.digitallab.store.product.ProductRepositoryMockTest]: no resource found for suffixes {-context.xml, Context.groovy}.
2020-07-27 16:37:23 - INFO Could not detect default configuration classes for test class [academy.digitallab.store.product.ProductRepositoryMockTest]: ProductRepositoryMockTest does not declare any static, non-private, non-final, nested classes annotated with @Configuration.
2020-07-27 16:37:23 - INFO Found @SpringBootConfiguration academy.digitallab.store.product.ProductServiceApplication for test class academy.digitallab.store.product.ProductRepositoryMockTest
2020-07-27 16:37:23 - INFO Loaded default TestExecutionListener class names from location [META-INF/spring.factories]: [org.springframework.boot.test.autoconfigure.restdocs.RestDocsTestExecutionListener, org.springframework.boot.test.autoconfigure.web.client.MockRestServiceServerResetTestExecutionListener, org.springframework.boot.test.autoconfigure.web.servlet.MockMvcPrintOnlyOnFailureTestExecutionListener, org.springframework.boot.test.autoconfigure.web.servlet.WebDriverTestExecutionListener, org.springframework.boot.test.autoconfigure.webservices.client.MockWebServiceServerTestExecutionListener, org.springframework.boot.test.mock.mockito.MockitoTestExecutionListener, org.springframework.boot.test.mock.mockito.ResetMocksTestExecutionListener, org.springframework.test.context.web.ServletTestExecutionListener, org.springframework.test.context.support.DirtiesContextBeforeModesTestExecutionListener, org.springframework.test.context.support.DependencyInjectionTestExecutionListener, org.springframework.test.context.support.DirtiesContextTestExecutionListener, org.springframework.test.context.transaction.TransactionalTestExecutionListener, org.springframework.test.context.jdbc.SqlScriptsTestExecutionListener, org.springframework.test.context.event.EventPublishingTestExecutionListener]
2020-07-27 16:37:23 - INFO Using TestExecutionListeners: [org.springframework.test.context.web.ServletTestExecutionListener@55956f25, org.springframework.test.context.support.DirtiesContextBeforeModesTestExecutionListener@276832db, org.springframework.boot.test.mock.mockito.MockitoTestExecutionListener@41720cc3, org.springframework.boot.test.autoconfigure.SpringBootDependencyInjectionTestExecutionListener@43a2a41e, org.springframework.test.context.support.DirtiesContextTestExecutionListener@3db01708, org.springframework.test.context.transaction.TransactionalTestExecutionListener@5b28048f, org.springframework.test.context.jdbc.SqlScriptsTestExecutionListener@aed0f3d, org.springframework.test.context.event.EventPublishingTestExecutionListener@5cb9c82a, org.springframework.boot.test.autoconfigure.restdocs.RestDocsTestExecutionListener@610c9ce2, org.springframework.boot.test.autoconfigure.web.client.MockRestServiceServerResetTestExecutionListener@7a1bf030, org.springframework.boot.test.autoconfigure.web.servlet.MockMvcPrintOnlyOnFailureTestExecutionListener@186d9ca9, org.springframework.boot.test.autoconfigure.web.servlet.WebDriverTestExecutionListener@a07ff16, org.springframework.boot.test.autoconfigure.webservices.client.MockWebServiceServerTestExecutionListener@f698938, org.springframework.boot.test.mock.mockito.ResetMocksTestExecutionListener@2ad66295]

  .   ____          _            __ _ _
 /\\ / ___'_ __ _ _(_)_ __  __ _ \ \ \ \
( ( )\___ | '_ | '_| | '_ \/ _` | \ \ \ \
 \\/  ___)| |_)| | | | | || (_| |  ) ) ) )
  '  |____| .__|_| |_|_| |_\__, | / / / /
 =========|_|==============|___/=/_/_/_/
 :: Spring Boot ::        (v2.3.1.RELEASE)

2020-07-27 16:37:23 - INFO Starting ProductRepositoryMockTest on ip-192-168-0-16.us-east-2.compute.internal with PID 13207 (started by alexander.rivera in /Users/alexander.rivera/Documents/training/microservices-spring-boot/product-service)
2020-07-27 16:37:23 - INFO No active profile set, falling back to default profiles: default
2020-07-27 16:37:23 - INFO Bootstrapping Spring Data JPA repositories in LAZY mode.
2020-07-27 16:37:23 - INFO Finished Spring Data repository scanning in 15ms. Found 1 JPA repository interfaces.
2020-07-27 16:37:23 - INFO Replacing 'dataSource' DataSource bean with embedded version
2020-07-27 16:37:23 - INFO Starting embedded database: url='jdbc:h2:mem:bbb8579e-3060-4b9f-903e-70535cb95667;DB_CLOSE_DELAY=-1;DB_CLOSE_ON_EXIT=false', username='sa'
2020-07-27 16:37:23 - INFO HHH000204: Processing PersistenceUnitInfo [name: default]
2020-07-27 16:37:23 - INFO HHH000400: Using dialect: org.hibernate.dialect.H2Dialect
Hibernate: create table tbl_categories (id bigint generated by default as identity, name varchar(255), primary key (id))
Hibernate: create table tbl_products (id bigint generated by default as identity, create_at timestamp, description varchar(255), name varchar(255), price double, status varchar(255), stock double, category_id bigint not null, primary key (id))
Hibernate: alter table tbl_products add constraint FKoft8x2nisdbe0wmrjeyo9nhwv foreign key (category_id) references tbl_categories
2020-07-27 16:37:23 - INFO HHH000490: Using JtaPlatform implementation: [org.hibernate.engine.transaction.jta.platform.internal.NoJtaPlatform]
2020-07-27 16:37:23 - INFO Initialized JPA EntityManagerFactory for persistence unit 'default'
2020-07-27 16:37:24 - INFO Started ProductRepositoryMockTest in 0.542 seconds (JVM running for 5.543)
2020-07-27 16:37:24 - INFO Began transaction (1) for test context [DefaultTestContext@6981b3bc testClass = ProductRepositoryMockTest, testInstance = academy.digitallab.store.product.ProductRepositoryMockTest@5d2a2f31, testMethod = whenFindByCategory_thenReturnListProduct@ProductRepositoryMockTest, testException = [null], mergedContextConfiguration = [MergedContextConfiguration@3be1c231 testClass = ProductRepositoryMockTest, locations = '{}', classes = '{class academy.digitallab.store.product.ProductServiceApplication}', contextInitializerClasses = '[]', activeProfiles = '{}', propertySourceLocations = '{}', propertySourceProperties = '{org.springframework.boot.test.autoconfigure.orm.jpa.DataJpaTestContextBootstrapper=true}', contextCustomizers = set[org.springframework.boot.test.autoconfigure.OverrideAutoConfigurationContextCustomizerFactory$DisableAutoConfigurationContextCustomizer@4eee8ce0, org.springframework.boot.test.autoconfigure.filter.TypeExcludeFiltersContextCustomizer@351584c0, org.springframework.boot.test.autoconfigure.properties.PropertyMappingContextCustomizer@c72999d4, org.springframework.boot.test.autoconfigure.web.servlet.WebDriverContextCustomizerFactory$Customizer@4b83858f, [ImportsContextCustomizer@12ce8c6d key = [org.springframework.boot.autoconfigure.cache.CacheAutoConfiguration, org.springframework.boot.autoconfigure.data.jpa.JpaRepositoriesAutoConfiguration, org.springframework.boot.autoconfigure.flyway.FlywayAutoConfiguration, org.springframework.boot.autoconfigure.jdbc.DataSourceAutoConfiguration, org.springframework.boot.autoconfigure.jdbc.DataSourceTransactionManagerAutoConfiguration, org.springframework.boot.autoconfigure.jdbc.JdbcTemplateAutoConfiguration, org.springframework.boot.autoconfigure.liquibase.LiquibaseAutoConfiguration, org.springframework.boot.autoconfigure.orm.jpa.HibernateJpaAutoConfiguration, org.springframework.boot.autoconfigure.transaction.TransactionAutoConfiguration, org.springframework.boot.test.autoconfigure.jdbc.TestDatabaseAutoConfiguration, org.springframework.boot.test.autoconfigure.orm.jpa.TestEntityManagerAutoConfiguration]], org.springframework.boot.test.context.filter.ExcludeFilterContextCustomizer@70391bcc, org.springframework.boot.test.json.DuplicateJsonObjectContextCustomizerFactory$DuplicateJsonObjectContextCustomizer@67fe5d7e, org.springframework.boot.test.mock.mockito.MockitoContextCustomizer@0, org.springframework.boot.test.context.SpringBootTestArgs@1], contextLoader = 'org.springframework.boot.test.context.SpringBootContextLoader', parent = [null]], attributes = map[[empty]]]; transaction manager [org.springframework.orm.jpa.JpaTransactionManager@77107ff6]; rollback [true]
Hibernate: insert into tbl_products (id, category_id, create_at, description, name, price, status, stock) values (null, ?, ?, ?, ?, ?, ?, ?)
Hibernate: select product0_.id as id1_1_, product0_.category_id as category8_1_, product0_.create_at as create_a2_1_, product0_.description as descript3_1_, product0_.name as name4_1_, product0_.price as price5_1_, product0_.status as status6_1_, product0_.stock as stock7_1_ from tbl_products product0_ where product0_.category_id=?
2020-07-27 16:37:24 - INFO Rolled back transaction for test: [DefaultTestContext@6981b3bc testClass = ProductRepositoryMockTest, testInstance = academy.digitallab.store.product.ProductRepositoryMockTest@5d2a2f31, testMethod = whenFindByCategory_thenReturnListProduct@ProductRepositoryMockTest, testException = [null], mergedContextConfiguration = [MergedContextConfiguration@3be1c231 testClass = ProductRepositoryMockTest, locations = '{}', classes = '{class academy.digitallab.store.product.ProductServiceApplication}', contextInitializerClasses = '[]', activeProfiles = '{}', propertySourceLocations = '{}', propertySourceProperties = '{org.springframework.boot.test.autoconfigure.orm.jpa.DataJpaTestContextBootstrapper=true}', contextCustomizers = set[org.springframework.boot.test.autoconfigure.OverrideAutoConfigurationContextCustomizerFactory$DisableAutoConfigurationContextCustomizer@4eee8ce0, org.springframework.boot.test.autoconfigure.filter.TypeExcludeFiltersContextCustomizer@351584c0, org.springframework.boot.test.autoconfigure.properties.PropertyMappingContextCustomizer@c72999d4, org.springframework.boot.test.autoconfigure.web.servlet.WebDriverContextCustomizerFactory$Customizer@4b83858f, [ImportsContextCustomizer@12ce8c6d key = [org.springframework.boot.autoconfigure.cache.CacheAutoConfiguration, org.springframework.boot.autoconfigure.data.jpa.JpaRepositoriesAutoConfiguration, org.springframework.boot.autoconfigure.flyway.FlywayAutoConfiguration, org.springframework.boot.autoconfigure.jdbc.DataSourceAutoConfiguration, org.springframework.boot.autoconfigure.jdbc.DataSourceTransactionManagerAutoConfiguration, org.springframework.boot.autoconfigure.jdbc.JdbcTemplateAutoConfiguration, org.springframework.boot.autoconfigure.liquibase.LiquibaseAutoConfiguration, org.springframework.boot.autoconfigure.orm.jpa.HibernateJpaAutoConfiguration, org.springframework.boot.autoconfigure.transaction.TransactionAutoConfiguration, org.springframework.boot.test.autoconfigure.jdbc.TestDatabaseAutoConfiguration, org.springframework.boot.test.autoconfigure.orm.jpa.TestEntityManagerAutoConfiguration]], org.springframework.boot.test.context.filter.ExcludeFilterContextCustomizer@70391bcc, org.springframework.boot.test.json.DuplicateJsonObjectContextCustomizerFactory$DuplicateJsonObjectContextCustomizer@67fe5d7e, org.springframework.boot.test.mock.mockito.MockitoContextCustomizer@0, org.springframework.boot.test.context.SpringBootTestArgs@1], contextLoader = 'org.springframework.boot.test.context.SpringBootContextLoader', parent = [null]], attributes = map[[empty]]]
]]></system-out>
  <system-err><![CDATA[]]></system-err>
</testsuite>
