<?xml version="1.0" encoding="UTF-8"?>
<testsuite name="academy.digitallab.store.product.ServiceProductApplicationTests" tests="1" skipped="0" failures="0" errors="0" timestamp="2020-07-27T21:37:24" hostname="ip-192-168-0-16.us-east-2.compute.internal" time="0.004">
  <properties/>
  <testcase name="contextLoads()" classname="academy.digitallab.store.product.ServiceProductApplicationTests" time="0.004"/>
  <system-out><![CDATA[2020-07-27 16:37:24 - INFO Neither @ContextConfiguration nor @ContextHierarchy found for test class [academy.digitallab.store.product.ServiceProductApplicationTests], using SpringBootContextLoader
2020-07-27 16:37:24 - INFO Could not detect default resource locations for test class [academy.digitallab.store.product.ServiceProductApplicationTests]: no resource found for suffixes {-context.xml, Context.groovy}.
2020-07-27 16:37:24 - INFO Could not detect default configuration classes for test class [academy.digitallab.store.product.ServiceProductApplicationTests]: ServiceProductApplicationTests does not declare any static, non-private, non-final, nested classes annotated with @Configuration.
2020-07-27 16:37:24 - INFO Found @SpringBootConfiguration academy.digitallab.store.product.ProductServiceApplication for test class academy.digitallab.store.product.ServiceProductApplicationTests
2020-07-27 16:37:24 - INFO Loaded default TestExecutionListener class names from location [META-INF/spring.factories]: [org.springframework.boot.test.autoconfigure.restdocs.RestDocsTestExecutionListener, org.springframework.boot.test.autoconfigure.web.client.MockRestServiceServerResetTestExecutionListener, org.springframework.boot.test.autoconfigure.web.servlet.MockMvcPrintOnlyOnFailureTestExecutionListener, org.springframework.boot.test.autoconfigure.web.servlet.WebDriverTestExecutionListener, org.springframework.boot.test.autoconfigure.webservices.client.MockWebServiceServerTestExecutionListener, org.springframework.boot.test.mock.mockito.MockitoTestExecutionListener, org.springframework.boot.test.mock.mockito.ResetMocksTestExecutionListener, org.springframework.test.context.web.ServletTestExecutionListener, org.springframework.test.context.support.DirtiesContextBeforeModesTestExecutionListener, org.springframework.test.context.support.DependencyInjectionTestExecutionListener, org.springframework.test.context.support.DirtiesContextTestExecutionListener, org.springframework.test.context.transaction.TransactionalTestExecutionListener, org.springframework.test.context.jdbc.SqlScriptsTestExecutionListener, org.springframework.test.context.event.EventPublishingTestExecutionListener]
2020-07-27 16:37:24 - INFO Using TestExecutionListeners: [org.springframework.test.context.web.ServletTestExecutionListener@1c5865cd, org.springframework.test.context.support.DirtiesContextBeforeModesTestExecutionListener@51530cc4, org.springframework.boot.test.mock.mockito.MockitoTestExecutionListener@f418fd6, org.springframework.boot.test.autoconfigure.SpringBootDependencyInjectionTestExecutionListener@3ebfe1c, org.springframework.test.context.support.DirtiesContextTestExecutionListener@5c4285a1, org.springframework.test.context.transaction.TransactionalTestExecutionListener@153e87c1, org.springframework.test.context.jdbc.SqlScriptsTestExecutionListener@1682958f, org.springframework.test.context.event.EventPublishingTestExecutionListener@4ac5925d, org.springframework.boot.test.autoconfigure.restdocs.RestDocsTestExecutionListener@2627929, org.springframework.boot.test.autoconfigure.web.client.MockRestServiceServerResetTestExecutionListener@6303e62b, org.springframework.boot.test.autoconfigure.web.servlet.MockMvcPrintOnlyOnFailureTestExecutionListener@612f3929, org.springframework.boot.test.autoconfigure.web.servlet.WebDriverTestExecutionListener@71e082b, org.springframework.boot.test.autoconfigure.webservices.client.MockWebServiceServerTestExecutionListener@162482d0, org.springframework.boot.test.mock.mockito.ResetMocksTestExecutionListener@6aea0c81]
]]></system-out>
  <system-err><![CDATA[]]></system-err>
</testsuite>
