<?xml version="1.0" encoding="UTF-8"?>
<testsuite name="academy.digitallab.store.product.ServiceProductApplicationTests" tests="1" skipped="0" failures="0" errors="0" timestamp="2020-07-30T18:57:14" hostname="ADL28882.local" time="0.002">
  <properties/>
  <testcase name="contextLoads()" classname="academy.digitallab.store.product.ServiceProductApplicationTests" time="0.002"/>
  <system-out><![CDATA[2020-07-30 13:57:14.468  INFO 57320 --- [    Test worker] .b.t.c.SpringBootTestContextBootstrapper : Neither @ContextConfiguration nor @ContextHierarchy found for test class [academy.digitallab.store.product.ServiceProductApplicationTests], using SpringBootContextLoader
2020-07-30 13:57:14.470  INFO 57320 --- [    Test worker] o.s.t.c.support.AbstractContextLoader    : Could not detect default resource locations for test class [academy.digitallab.store.product.ServiceProductApplicationTests]: no resource found for suffixes {-context.xml, Context.groovy}.
2020-07-30 13:57:14.470  INFO 57320 --- [    Test worker] t.c.s.AnnotationConfigContextLoaderUtils : Could not detect default configuration classes for test class [academy.digitallab.store.product.ServiceProductApplicationTests]: ServiceProductApplicationTests does not declare any static, non-private, non-final, nested classes annotated with @Configuration.
2020-07-30 13:57:14.471  INFO 57320 --- [    Test worker] .b.t.c.SpringBootTestContextBootstrapper : Found @SpringBootConfiguration academy.digitallab.store.product.ProductServiceApplication for test class academy.digitallab.store.product.ServiceProductApplicationTests
2020-07-30 13:57:14.472  INFO 57320 --- [    Test worker] .b.t.c.SpringBootTestContextBootstrapper : Loaded default TestExecutionListener class names from location [META-INF/spring.factories]: [org.springframework.boot.test.autoconfigure.restdocs.RestDocsTestExecutionListener, org.springframework.boot.test.autoconfigure.web.client.MockRestServiceServerResetTestExecutionListener, org.springframework.boot.test.autoconfigure.web.servlet.MockMvcPrintOnlyOnFailureTestExecutionListener, org.springframework.boot.test.autoconfigure.web.servlet.WebDriverTestExecutionListener, org.springframework.boot.test.autoconfigure.webservices.client.MockWebServiceServerTestExecutionListener, org.springframework.boot.test.mock.mockito.MockitoTestExecutionListener, org.springframework.boot.test.mock.mockito.ResetMocksTestExecutionListener, org.springframework.test.context.web.ServletTestExecutionListener, org.springframework.test.context.support.DirtiesContextBeforeModesTestExecutionListener, org.springframework.test.context.support.DependencyInjectionTestExecutionListener, org.springframework.test.context.support.DirtiesContextTestExecutionListener, org.springframework.test.context.transaction.TransactionalTestExecutionListener, org.springframework.test.context.jdbc.SqlScriptsTestExecutionListener, org.springframework.test.context.event.EventPublishingTestExecutionListener]
2020-07-30 13:57:14.472  INFO 57320 --- [    Test worker] .b.t.c.SpringBootTestContextBootstrapper : Using TestExecutionListeners: [org.springframework.test.context.web.ServletTestExecutionListener@4aafa67c, org.springframework.test.context.support.DirtiesContextBeforeModesTestExecutionListener@5e50ad50, org.springframework.boot.test.mock.mockito.MockitoTestExecutionListener@3a371f62, org.springframework.boot.test.autoconfigure.SpringBootDependencyInjectionTestExecutionListener@c7e7dff, org.springframework.test.context.support.DirtiesContextTestExecutionListener@3bd5b64a, org.springframework.test.context.transaction.TransactionalTestExecutionListener@60b4b64d, org.springframework.test.context.jdbc.SqlScriptsTestExecutionListener@62fa6936, org.springframework.test.context.event.EventPublishingTestExecutionListener@1d147113, org.springframework.boot.test.autoconfigure.restdocs.RestDocsTestExecutionListener@b65f31d, org.springframework.boot.test.autoconfigure.web.client.MockRestServiceServerResetTestExecutionListener@4e262ae2, org.springframework.boot.test.autoconfigure.web.servlet.MockMvcPrintOnlyOnFailureTestExecutionListener@7f2449c9, org.springframework.boot.test.autoconfigure.web.servlet.WebDriverTestExecutionListener@410623d7, org.springframework.boot.test.autoconfigure.webservices.client.MockWebServiceServerTestExecutionListener@65dfcdf1, org.springframework.boot.test.mock.mockito.ResetMocksTestExecutionListener@1ad18a92]
]]></system-out>
  <system-err><![CDATA[]]></system-err>
</testsuite>
