<?xml version="1.0" encoding="UTF-8"?>
<testsuite name="academy.digitallab.store.product.ProductServiceMockTest" tests="2" skipped="0" failures="0" errors="0" timestamp="2020-07-27T21:37:23" hostname="ip-192-168-0-16.us-east-2.compute.internal" time="0.117">
  <properties/>
  <testcase name="whenValidUpdateStock_ThenReturnNewStock()" classname="academy.digitallab.store.product.ProductServiceMockTest" time="0.106"/>
  <testcase name="whenValidGetID_ThenReturnProduct()" classname="academy.digitallab.store.product.ProductServiceMockTest" time="0.009"/>
  <system-out><![CDATA[16:37:19.375 [Test worker] DEBUG org.springframework.test.context.BootstrapUtils - Instantiating CacheAwareContextLoaderDelegate from class [org.springframework.test.context.cache.DefaultCacheAwareContextLoaderDelegate]
16:37:19.389 [Test worker] DEBUG org.springframework.test.context.BootstrapUtils - Instantiating BootstrapContext using constructor [public org.springframework.test.context.support.DefaultBootstrapContext(java.lang.Class,org.springframework.test.context.CacheAwareContextLoaderDelegate)]
16:37:19.415 [Test worker] DEBUG org.springframework.test.context.BootstrapUtils - Instantiating TestContextBootstrapper for test class [academy.digitallab.store.product.ProductServiceMockTest] from class [org.springframework.boot.test.context.SpringBootTestContextBootstrapper]
16:37:19.431 [Test worker] INFO org.springframework.boot.test.context.SpringBootTestContextBootstrapper - Neither @ContextConfiguration nor @ContextHierarchy found for test class [academy.digitallab.store.product.ProductServiceMockTest], using SpringBootContextLoader
16:37:19.434 [Test worker] DEBUG org.springframework.test.context.support.AbstractContextLoader - Did not detect default resource location for test class [academy.digitallab.store.product.ProductServiceMockTest]: class path resource [academy/digitallab/store/product/ProductServiceMockTest-context.xml] does not exist
16:37:19.434 [Test worker] DEBUG org.springframework.test.context.support.AbstractContextLoader - Did not detect default resource location for test class [academy.digitallab.store.product.ProductServiceMockTest]: class path resource [academy/digitallab/store/product/ProductServiceMockTestContext.groovy] does not exist
16:37:19.435 [Test worker] INFO org.springframework.test.context.support.AbstractContextLoader - Could not detect default resource locations for test class [academy.digitallab.store.product.ProductServiceMockTest]: no resource found for suffixes {-context.xml, Context.groovy}.
16:37:19.435 [Test worker] INFO org.springframework.test.context.support.AnnotationConfigContextLoaderUtils - Could not detect default configuration classes for test class [academy.digitallab.store.product.ProductServiceMockTest]: ProductServiceMockTest does not declare any static, non-private, non-final, nested classes annotated with @Configuration.
16:37:19.473 [Test worker] DEBUG org.springframework.test.context.support.ActiveProfilesUtils - Could not find an 'annotation declaring class' for annotation type [org.springframework.test.context.ActiveProfiles] and class [academy.digitallab.store.product.ProductServiceMockTest]
16:37:19.529 [Test worker] DEBUG org.springframework.context.annotation.ClassPathScanningCandidateComponentProvider - Identified candidate component class: file [/Users/alexander.rivera/Documents/training/microservices-spring-boot/product-service/build/classes/java/main/academy/digitallab/store/product/ProductServiceApplication.class]
16:37:19.530 [Test worker] INFO org.springframework.boot.test.context.SpringBootTestContextBootstrapper - Found @SpringBootConfiguration academy.digitallab.store.product.ProductServiceApplication for test class academy.digitallab.store.product.ProductServiceMockTest
16:37:19.628 [Test worker] DEBUG org.springframework.boot.test.context.SpringBootTestContextBootstrapper - @TestExecutionListeners is not present for class [academy.digitallab.store.product.ProductServiceMockTest]: using defaults.
16:37:19.628 [Test worker] INFO org.springframework.boot.test.context.SpringBootTestContextBootstrapper - Loaded default TestExecutionListener class names from location [META-INF/spring.factories]: [org.springframework.boot.test.autoconfigure.restdocs.RestDocsTestExecutionListener, org.springframework.boot.test.autoconfigure.web.client.MockRestServiceServerResetTestExecutionListener, org.springframework.boot.test.autoconfigure.web.servlet.MockMvcPrintOnlyOnFailureTestExecutionListener, org.springframework.boot.test.autoconfigure.web.servlet.WebDriverTestExecutionListener, org.springframework.boot.test.autoconfigure.webservices.client.MockWebServiceServerTestExecutionListener, org.springframework.boot.test.mock.mockito.MockitoTestExecutionListener, org.springframework.boot.test.mock.mockito.ResetMocksTestExecutionListener, org.springframework.test.context.web.ServletTestExecutionListener, org.springframework.test.context.support.DirtiesContextBeforeModesTestExecutionListener, org.springframework.test.context.support.DependencyInjectionTestExecutionListener, org.springframework.test.context.support.DirtiesContextTestExecutionListener, org.springframework.test.context.transaction.TransactionalTestExecutionListener, org.springframework.test.context.jdbc.SqlScriptsTestExecutionListener, org.springframework.test.context.event.EventPublishingTestExecutionListener]
16:37:19.647 [Test worker] INFO org.springframework.boot.test.context.SpringBootTestContextBootstrapper - Using TestExecutionListeners: [org.springframework.test.context.web.ServletTestExecutionListener@51511f31, org.springframework.test.context.support.DirtiesContextBeforeModesTestExecutionListener@6f9dd756, org.springframework.boot.test.mock.mockito.MockitoTestExecutionListener@6ed19363, org.springframework.boot.test.autoconfigure.SpringBootDependencyInjectionTestExecutionListener@58cdbf11, org.springframework.test.context.support.DirtiesContextTestExecutionListener@1bc8bae, org.springframework.test.context.transaction.TransactionalTestExecutionListener@9adba8, org.springframework.test.context.jdbc.SqlScriptsTestExecutionListener@62b20a53, org.springframework.test.context.event.EventPublishingTestExecutionListener@57b21423, org.springframework.boot.test.autoconfigure.restdocs.RestDocsTestExecutionListener@32361480, org.springframework.boot.test.autoconfigure.web.client.MockRestServiceServerResetTestExecutionListener@6427def5, org.springframework.boot.test.autoconfigure.web.servlet.MockMvcPrintOnlyOnFailureTestExecutionListener@16b5b0b0, org.springframework.boot.test.autoconfigure.web.servlet.WebDriverTestExecutionListener@51e1bd49, org.springframework.boot.test.autoconfigure.webservices.client.MockWebServiceServerTestExecutionListener@537121e1, org.springframework.boot.test.mock.mockito.ResetMocksTestExecutionListener@97b9d0c]
16:37:19.650 [Test worker] DEBUG org.springframework.test.context.support.AbstractDirtiesContextTestExecutionListener - Before test class: context [DefaultTestContext@2a39a7ef testClass = ProductServiceMockTest, testInstance = [null], testMethod = [null], testException = [null], mergedContextConfiguration = [WebMergedContextConfiguration@63673fb2 testClass = ProductServiceMockTest, locations = '{}', classes = '{class academy.digitallab.store.product.ProductServiceApplication}', contextInitializerClasses = '[]', activeProfiles = '{}', propertySourceLocations = '{}', propertySourceProperties = '{org.springframework.boot.test.context.SpringBootTestContextBootstrapper=true}', contextCustomizers = set[org.springframework.boot.test.autoconfigure.properties.PropertyMappingContextCustomizer@0, org.springframework.boot.test.autoconfigure.web.servlet.WebDriverContextCustomizerFactory$Customizer@4b83858f, org.springframework.boot.test.context.filter.ExcludeFilterContextCustomizer@70391bcc, org.springframework.boot.test.json.DuplicateJsonObjectContextCustomizerFactory$DuplicateJsonObjectContextCustomizer@67fe5d7e, org.springframework.boot.test.mock.mockito.MockitoContextCustomizer@0, org.springframework.boot.test.web.client.TestRestTemplateContextCustomizer@21f80b78, org.springframework.boot.test.context.SpringBootTestArgs@1], resourceBasePath = 'src/main/webapp', contextLoader = 'org.springframework.boot.test.context.SpringBootContextLoader', parent = [null]], attributes = map['org.springframework.test.context.web.ServletTestExecutionListener.activateListener' -> true]], class annotated with @DirtiesContext [false] with mode [null].
16:37:19.679 [Test worker] DEBUG org.springframework.test.context.support.TestPropertySourceUtils - Adding inlined properties to environment: {spring.jmx.enabled=false, org.springframework.boot.test.context.SpringBootTestContextBootstrapper=true}

  .   ____          _            __ _ _
 /\\ / ___'_ __ _ _(_)_ __  __ _ \ \ \ \
( ( )\___ | '_ | '_| | '_ \/ _` | \ \ \ \
 \\/  ___)| |_)| | | | | || (_| |  ) ) ) )
  '  |____| .__|_| |_|_| |_\__, | / / / /
 =========|_|==============|___/=/_/_/_/
 :: Spring Boot ::        (v2.3.1.RELEASE)

2020-07-27 16:37:20 - INFO Starting ProductServiceMockTest on ip-192-168-0-16.us-east-2.compute.internal with PID 13207 (started by alexander.rivera in /Users/alexander.rivera/Documents/training/microservices-spring-boot/product-service)
2020-07-27 16:37:20 - INFO No active profile set, falling back to default profiles: default
2020-07-27 16:37:20 - INFO Bootstrapping Spring Data JPA repositories in DEFERRED mode.
2020-07-27 16:37:20 - INFO Finished Spring Data repository scanning in 56ms. Found 1 JPA repository interfaces.
2020-07-27 16:37:21 - INFO Initializing ExecutorService 'applicationTaskExecutor'
2020-07-27 16:37:21 - INFO HHH000204: Processing PersistenceUnitInfo [name: default]
2020-07-27 16:37:21 - INFO HHH000412: Hibernate ORM core version 5.4.17.Final
2020-07-27 16:37:21 - INFO HCANN000001: Hibernate Commons Annotations {5.1.0.Final}
2020-07-27 16:37:21 - WARN spring.jpa.open-in-view is enabled by default. Therefore, database queries may be performed during view rendering. Explicitly configure spring.jpa.open-in-view to disable this warning
2020-07-27 16:37:21 - INFO HikariPool-1 - Starting...
2020-07-27 16:37:21 - INFO HikariPool-1 - Start completed.
2020-07-27 16:37:21 - INFO HHH000400: Using dialect: org.hibernate.dialect.H2Dialect
2020-07-27 16:37:22 - INFO H2 console available at '/h2-console'. Database available at 'jdbc:h2:mem:productDB'
2020-07-27 16:37:22 - INFO Triggering deferred initialization of Spring Data repositories…
Hibernate: create table tbl_categories (id bigint generated by default as identity, name varchar(255), primary key (id))
Hibernate: create table tbl_products (id bigint generated by default as identity, create_at timestamp, description varchar(255), name varchar(255), price double, status varchar(255), stock double, category_id bigint not null, primary key (id))
Hibernate: alter table tbl_products add constraint FKoft8x2nisdbe0wmrjeyo9nhwv foreign key (category_id) references tbl_categories
2020-07-27 16:37:22 - INFO HHH000490: Using JtaPlatform implementation: [org.hibernate.engine.transaction.jta.platform.internal.NoJtaPlatform]
2020-07-27 16:37:22 - INFO Initialized JPA EntityManagerFactory for persistence unit 'default'
2020-07-27 16:37:23 - INFO Spring Data repositories initialized!
2020-07-27 16:37:23 - INFO Started ProductServiceMockTest in 3.43 seconds (JVM running for 4.636)
]]></system-out>
  <system-err><![CDATA[]]></system-err>
</testsuite>
