<?xml version="1.0" encoding="UTF-8"?>
<testsuite name="academy.digitallab.store.product.ProductServiceMockTest" tests="2" skipped="0" failures="0" errors="0" timestamp="2020-07-30T18:57:13" hostname="ADL28882.local" time="0.095">
  <properties/>
  <testcase name="whenValidUpdateStock_ThenReturnNewStock()" classname="academy.digitallab.store.product.ProductServiceMockTest" time="0.089"/>
  <testcase name="whenValidGetID_ThenReturnProduct()" classname="academy.digitallab.store.product.ProductServiceMockTest" time="0.005"/>
  <system-out><![CDATA[13:57:09.619 [Test worker] DEBUG org.springframework.test.context.BootstrapUtils - Instantiating CacheAwareContextLoaderDelegate from class [org.springframework.test.context.cache.DefaultCacheAwareContextLoaderDelegate]
13:57:09.676 [Test worker] DEBUG org.springframework.test.context.BootstrapUtils - Instantiating BootstrapContext using constructor [public org.springframework.test.context.support.DefaultBootstrapContext(java.lang.Class,org.springframework.test.context.CacheAwareContextLoaderDelegate)]
13:57:09.842 [Test worker] DEBUG org.springframework.test.context.BootstrapUtils - Instantiating TestContextBootstrapper for test class [academy.digitallab.store.product.ProductServiceMockTest] from class [org.springframework.boot.test.context.SpringBootTestContextBootstrapper]
13:57:09.914 [Test worker] INFO org.springframework.boot.test.context.SpringBootTestContextBootstrapper - Neither @ContextConfiguration nor @ContextHierarchy found for test class [academy.digitallab.store.product.ProductServiceMockTest], using SpringBootContextLoader
13:57:09.938 [Test worker] DEBUG org.springframework.test.context.support.AbstractContextLoader - Did not detect default resource location for test class [academy.digitallab.store.product.ProductServiceMockTest]: class path resource [academy/digitallab/store/product/ProductServiceMockTest-context.xml] does not exist
13:57:09.942 [Test worker] DEBUG org.springframework.test.context.support.AbstractContextLoader - Did not detect default resource location for test class [academy.digitallab.store.product.ProductServiceMockTest]: class path resource [academy/digitallab/store/product/ProductServiceMockTestContext.groovy] does not exist
13:57:09.946 [Test worker] INFO org.springframework.test.context.support.AbstractContextLoader - Could not detect default resource locations for test class [academy.digitallab.store.product.ProductServiceMockTest]: no resource found for suffixes {-context.xml, Context.groovy}.
13:57:09.950 [Test worker] INFO org.springframework.test.context.support.AnnotationConfigContextLoaderUtils - Could not detect default configuration classes for test class [academy.digitallab.store.product.ProductServiceMockTest]: ProductServiceMockTest does not declare any static, non-private, non-final, nested classes annotated with @Configuration.
13:57:10.155 [Test worker] DEBUG org.springframework.test.context.support.ActiveProfilesUtils - Could not find an 'annotation declaring class' for annotation type [org.springframework.test.context.ActiveProfiles] and class [academy.digitallab.store.product.ProductServiceMockTest]
13:57:10.468 [Test worker] DEBUG org.springframework.context.annotation.ClassPathScanningCandidateComponentProvider - Identified candidate component class: file [/Users/alexander.rivera/Documents/training/microservices-spring-boot/product-service/build/classes/java/main/academy/digitallab/store/product/ProductServiceApplication.class]
13:57:10.471 [Test worker] INFO org.springframework.boot.test.context.SpringBootTestContextBootstrapper - Found @SpringBootConfiguration academy.digitallab.store.product.ProductServiceApplication for test class academy.digitallab.store.product.ProductServiceMockTest
13:57:10.687 [Test worker] DEBUG org.springframework.boot.test.context.SpringBootTestContextBootstrapper - @TestExecutionListeners is not present for class [academy.digitallab.store.product.ProductServiceMockTest]: using defaults.
13:57:10.689 [Test worker] INFO org.springframework.boot.test.context.SpringBootTestContextBootstrapper - Loaded default TestExecutionListener class names from location [META-INF/spring.factories]: [org.springframework.boot.test.autoconfigure.restdocs.RestDocsTestExecutionListener, org.springframework.boot.test.autoconfigure.web.client.MockRestServiceServerResetTestExecutionListener, org.springframework.boot.test.autoconfigure.web.servlet.MockMvcPrintOnlyOnFailureTestExecutionListener, org.springframework.boot.test.autoconfigure.web.servlet.WebDriverTestExecutionListener, org.springframework.boot.test.autoconfigure.webservices.client.MockWebServiceServerTestExecutionListener, org.springframework.boot.test.mock.mockito.MockitoTestExecutionListener, org.springframework.boot.test.mock.mockito.ResetMocksTestExecutionListener, org.springframework.test.context.web.ServletTestExecutionListener, org.springframework.test.context.support.DirtiesContextBeforeModesTestExecutionListener, org.springframework.test.context.support.DependencyInjectionTestExecutionListener, org.springframework.test.context.support.DirtiesContextTestExecutionListener, org.springframework.test.context.transaction.TransactionalTestExecutionListener, org.springframework.test.context.jdbc.SqlScriptsTestExecutionListener, org.springframework.test.context.event.EventPublishingTestExecutionListener]
13:57:10.731 [Test worker] INFO org.springframework.boot.test.context.SpringBootTestContextBootstrapper - Using TestExecutionListeners: [org.springframework.test.context.web.ServletTestExecutionListener@56326acd, org.springframework.test.context.support.DirtiesContextBeforeModesTestExecutionListener@f5f0231, org.springframework.boot.test.mock.mockito.MockitoTestExecutionListener@7dcbdb29, org.springframework.boot.test.autoconfigure.SpringBootDependencyInjectionTestExecutionListener@ecf1aa1, org.springframework.test.context.support.DirtiesContextTestExecutionListener@4bee7db7, org.springframework.test.context.transaction.TransactionalTestExecutionListener@3cd7b071, org.springframework.test.context.jdbc.SqlScriptsTestExecutionListener@1f663651, org.springframework.test.context.event.EventPublishingTestExecutionListener@690a2d0e, org.springframework.boot.test.autoconfigure.restdocs.RestDocsTestExecutionListener@5131f65d, org.springframework.boot.test.autoconfigure.web.client.MockRestServiceServerResetTestExecutionListener@50e48032, org.springframework.boot.test.autoconfigure.web.servlet.MockMvcPrintOnlyOnFailureTestExecutionListener@7e9ee0c1, org.springframework.boot.test.autoconfigure.web.servlet.WebDriverTestExecutionListener@4644c041, org.springframework.boot.test.autoconfigure.webservices.client.MockWebServiceServerTestExecutionListener@189955ca, org.springframework.boot.test.mock.mockito.ResetMocksTestExecutionListener@6c08a3fb]
13:57:10.735 [Test worker] DEBUG org.springframework.test.context.support.AbstractDirtiesContextTestExecutionListener - Before test class: context [DefaultTestContext@7bfc09db testClass = ProductServiceMockTest, testInstance = [null], testMethod = [null], testException = [null], mergedContextConfiguration = [WebMergedContextConfiguration@132cd08e testClass = ProductServiceMockTest, locations = '{}', classes = '{class academy.digitallab.store.product.ProductServiceApplication}', contextInitializerClasses = '[]', activeProfiles = '{}', propertySourceLocations = '{}', propertySourceProperties = '{org.springframework.boot.test.context.SpringBootTestContextBootstrapper=true}', contextCustomizers = set[org.springframework.boot.test.autoconfigure.properties.PropertyMappingContextCustomizer@0, org.springframework.boot.test.autoconfigure.web.servlet.WebDriverContextCustomizerFactory$Customizer@46a7167e, org.springframework.boot.test.context.filter.ExcludeFilterContextCustomizer@277aeb54, org.springframework.boot.test.json.DuplicateJsonObjectContextCustomizerFactory$DuplicateJsonObjectContextCustomizer@79a2fd85, org.springframework.boot.test.mock.mockito.MockitoContextCustomizer@0, org.springframework.boot.test.web.client.TestRestTemplateContextCustomizer@174a5805, org.springframework.boot.test.context.SpringBootTestArgs@1], resourceBasePath = 'src/main/webapp', contextLoader = 'org.springframework.boot.test.context.SpringBootContextLoader', parent = [null]], attributes = map['org.springframework.test.context.web.ServletTestExecutionListener.activateListener' -> true]], class annotated with @DirtiesContext [false] with mode [null].
13:57:10.796 [Test worker] DEBUG org.springframework.test.context.support.TestPropertySourceUtils - Adding inlined properties to environment: {spring.jmx.enabled=false, org.springframework.boot.test.context.SpringBootTestContextBootstrapper=true}

  .   ____          _            __ _ _
 /\\ / ___'_ __ _ _(_)_ __  __ _ \ \ \ \
( ( )\___ | '_ | '_| | '_ \/ _` | \ \ \ \
 \\/  ___)| |_)| | | | | || (_| |  ) ) ) )
  '  |____| .__|_| |_|_| |_\__, | / / / /
 =========|_|==============|___/=/_/_/_/
 :: Spring Boot ::        (v2.3.1.RELEASE)

2020-07-30 13:57:11.375  INFO 57320 --- [    Test worker] a.d.s.product.ProductServiceMockTest     : Starting ProductServiceMockTest on ip-192-168-0-16.us-east-2.compute.internal with PID 57320 (started by alexander.rivera in /Users/alexander.rivera/Documents/training/microservices-spring-boot/product-service)
2020-07-30 13:57:11.376  INFO 57320 --- [    Test worker] a.d.s.product.ProductServiceMockTest     : No active profile set, falling back to default profiles: default
2020-07-30 13:57:11.907  INFO 57320 --- [    Test worker] .s.d.r.c.RepositoryConfigurationDelegate : Bootstrapping Spring Data JPA repositories in DEFERRED mode.
2020-07-30 13:57:11.948  INFO 57320 --- [    Test worker] .s.d.r.c.RepositoryConfigurationDelegate : Finished Spring Data repository scanning in 35ms. Found 1 JPA repository interfaces.
2020-07-30 13:57:12.295  INFO 57320 --- [    Test worker] o.s.s.concurrent.ThreadPoolTaskExecutor  : Initializing ExecutorService 'applicationTaskExecutor'
2020-07-30 13:57:12.303  INFO 57320 --- [    Test worker] com.zaxxer.hikari.HikariDataSource       : HikariPool-1 - Starting...
2020-07-30 13:57:12.422  INFO 57320 --- [    Test worker] com.zaxxer.hikari.HikariDataSource       : HikariPool-1 - Start completed.
2020-07-30 13:57:12.479  INFO 57320 --- [         task-1] o.hibernate.jpa.internal.util.LogHelper  : HHH000204: Processing PersistenceUnitInfo [name: default]
2020-07-30 13:57:12.516  INFO 57320 --- [         task-1] org.hibernate.Version                    : HHH000412: Hibernate ORM core version 5.4.17.Final
2020-07-30 13:57:12.620  INFO 57320 --- [         task-1] o.hibernate.annotations.common.Version   : HCANN000001: Hibernate Commons Annotations {5.1.0.Final}
2020-07-30 13:57:12.625  WARN 57320 --- [    Test worker] JpaBaseConfiguration$JpaWebConfiguration : spring.jpa.open-in-view is enabled by default. Therefore, database queries may be performed during view rendering. Explicitly configure spring.jpa.open-in-view to disable this warning
2020-07-30 13:57:12.720  INFO 57320 --- [         task-1] org.hibernate.dialect.Dialect            : HHH000400: Using dialect: org.hibernate.dialect.H2Dialect
2020-07-30 13:57:13.079  INFO 57320 --- [    Test worker] DeferredRepositoryInitializationListener : Triggering deferred initialization of Spring Data repositories…
2020-07-30 13:57:13.335  INFO 57320 --- [         task-1] o.h.e.t.j.p.i.JtaPlatformInitiator       : HHH000490: Using JtaPlatform implementation: [org.hibernate.engine.transaction.jta.platform.internal.NoJtaPlatform]
2020-07-30 13:57:13.342  INFO 57320 --- [         task-1] j.LocalContainerEntityManagerFactoryBean : Initialized JPA EntityManagerFactory for persistence unit 'default'
2020-07-30 13:57:13.592  INFO 57320 --- [    Test worker] DeferredRepositoryInitializationListener : Spring Data repositories initialized!
2020-07-30 13:57:13.600  INFO 57320 --- [    Test worker] a.d.s.product.ProductServiceMockTest     : Started ProductServiceMockTest in 2.789 seconds (JVM running for 5.255)
]]></system-out>
  <system-err><![CDATA[]]></system-err>
</testsuite>
